app/build/intermediates/manifest_merge_blame_file/debug/manifest-merger-blame-debug-report.txt
1<?xml version="1.0" encoding="utf-8"?>
2<manifest xmlns:android="http://schemas.android.com/apk/res/android"
3    package="com.carematix.twiliochatapp"
4    android:installLocation="auto"
5    android:versionCode="1"
6    android:versionName="1.0" >
7
8    <uses-sdk
9        android:minSdkVersion="23"
9-->src\main\AndroidManifest.xml
10        android:targetSdkVersion="31" />
10-->src\main\AndroidManifest.xml
11
12    <uses-permission android:name="android.permission.INTERNET" />
12-->src\main\AndroidManifest.xml:7:5-66
12-->src\main\AndroidManifest.xml:7:22-64
13    <uses-permission android:name="android.permission.WAKE_LOCK" />
13-->src\main\AndroidManifest.xml:9:5-68
13-->src\main\AndroidManifest.xml:9:22-65
14    <uses-permission android:name="android.permission.ACCESS_NETWORK_STATE" />
14-->src\main\AndroidManifest.xml:10:5-78
14-->src\main\AndroidManifest.xml:10:22-76
15    <uses-permission android:name="android.permission.ACCESS_WIFI_STATE" />
15-->src\main\AndroidManifest.xml:11:5-75
15-->src\main\AndroidManifest.xml:11:22-73
16    <uses-permission android:name="android.permission.CHANGE_WIFI_STATE" />
16-->src\main\AndroidManifest.xml:13:5-75
16-->src\main\AndroidManifest.xml:13:22-73
17    <uses-permission android:name="android.permission.CHANGE_NETWORK_STATE" />
17-->src\main\AndroidManifest.xml:14:5-78
17-->src\main\AndroidManifest.xml:14:22-76
18
19    <uses-feature
19-->src\main\AndroidManifest.xml:16:5-18:35
20        android:name="android.hardware.camera"
20-->src\main\AndroidManifest.xml:17:9-47
21        android:required="true" />
21-->src\main\AndroidManifest.xml:18:9-32
22
23    <permission
23-->src\main\AndroidManifest.xml:20:5-22:47
24        android:name="com.carematix.twiliochatapp.permission.C2D_MESSAGE"
24-->src\main\AndroidManifest.xml:21:9-74
25        android:protectionLevel="signature" />
25-->src\main\AndroidManifest.xml:22:9-44
26    <permission
26-->src\main\AndroidManifest.xml:24:5-25:43
27        android:name="com.carematix.twiliochatapp.permission.Name"
27-->src\main\AndroidManifest.xml:24:17-75
28        android:protectionLevel="normal" />
28-->src\main\AndroidManifest.xml:25:9-41
29
30    <meta-data
30-->src\main\AndroidManifest.xml:28:5-29:32
31        android:name="firebase_crashlytics_collection_enabled"
31-->src\main\AndroidManifest.xml:28:16-70
32        android:value="false" />
32-->src\main\AndroidManifest.xml:29:9-30
33    <meta-data
33-->src\main\AndroidManifest.xml:31:5-32:67
34        android:name="io.fabric.ApiKey"
34-->src\main\AndroidManifest.xml:31:16-47
35        android:value="0e369f6fed306233a07c114ef5631cbb9cbb819a" />
35-->src\main\AndroidManifest.xml:32:9-65
36
37    <uses-permission android:name="com.google.android.c2dm.permission.RECEIVE" />
37-->src\main\AndroidManifest.xml:35:5-82
37-->src\main\AndroidManifest.xml:35:22-79
38    <uses-permission android:name="com.carematix.twiliochatapp.permission.C2D_MESSAGE" />
38-->src\main\AndroidManifest.xml:36:5-90
38-->src\main\AndroidManifest.xml:36:22-87
39
40    <permission
40-->src\main\AndroidManifest.xml:38:5-40:47
41        android:name="network_security"
41-->src\main\AndroidManifest.xml:39:9-40
42        android:protectionLevel="signature" />
42-->src\main\AndroidManifest.xml:40:9-44
43
44    <queries>
44-->[com.google.firebase:firebase-inappmessaging-display:20.0.0] AndroidManifest.xml:14:5-20:15
45        <intent>
45-->[com.google.firebase:firebase-inappmessaging-display:20.0.0] AndroidManifest.xml:15:9-19:18
46            <action android:name="android.intent.action.VIEW" />
46-->[com.google.firebase:firebase-inappmessaging-display:20.0.0] AndroidManifest.xml:16:13-65
46-->[com.google.firebase:firebase-inappmessaging-display:20.0.0] AndroidManifest.xml:16:21-62
47
48            <data android:scheme="https" />
48-->[com.google.firebase:firebase-inappmessaging-display:20.0.0] AndroidManifest.xml:18:13-44
48-->[com.google.firebase:firebase-inappmessaging-display:20.0.0] AndroidManifest.xml:18:19-41
49        </intent>
50    </queries>
51
52    <uses-permission android:name="com.google.android.finsky.permission.BIND_GET_INSTALL_REFERRER_SERVICE" />
52-->[com.google.android.gms:play-services-measurement:19.0.0] AndroidManifest.xml:26:5-110
52-->[com.google.android.gms:play-services-measurement:19.0.0] AndroidManifest.xml:26:22-107
53
54    <application
54-->src\main\AndroidManifest.xml:42:5-141:19
55        android:name="com.carematix.twiliochatapp.application.TwilioApplication"
55-->src\main\AndroidManifest.xml:43:9-54
56        android:allowBackup="false"
56-->src\main\AndroidManifest.xml:44:9-36
57        android:appComponentFactory="androidx.core.app.CoreComponentFactory"
57-->[androidx.core:core:1.6.0] AndroidManifest.xml:24:18-86
58        android:debuggable="true"
59        android:extractNativeLibs="false"
60        android:hardwareAccelerated="true"
60-->src\main\AndroidManifest.xml:47:9-43
61        android:icon="@mipmap/ic_launcher"
61-->src\main\AndroidManifest.xml:45:9-43
62        android:label="@string/app_name"
62-->src\main\AndroidManifest.xml:46:9-41
63        android:networkSecurityConfig="@xml/network_security_config"
63-->src\main\AndroidManifest.xml:50:9-69
64        android:roundIcon="@mipmap/ic_launcher_round"
64-->src\main\AndroidManifest.xml:48:9-54
65        android:supportsRtl="true"
65-->src\main\AndroidManifest.xml:49:9-35
66        android:theme="@style/Theme.TwilioChatApp" >
66-->src\main\AndroidManifest.xml:51:9-51
67        <activity
67-->src\main\AndroidManifest.xml:53:9-64:20
68            android:name="com.carematix.twiliochatapp.SplashActivity"
68-->src\main\AndroidManifest.xml:54:13-43
69            android:exported="true"
69-->src\main\AndroidManifest.xml:55:13-36
70            android:label="@string/app_name"
70-->src\main\AndroidManifest.xml:57:13-45
71            android:launchMode="singleInstance"
71-->src\main\AndroidManifest.xml:56:13-48
72            android:theme="@style/Theme.TwilioChatApp.NoActionBar" >
72-->src\main\AndroidManifest.xml:58:13-67
73            <intent-filter>
73-->src\main\AndroidManifest.xml:59:13-63:29
74                <action android:name="android.intent.action.MAIN" />
74-->src\main\AndroidManifest.xml:60:17-69
74-->src\main\AndroidManifest.xml:60:25-66
75
76                <category android:name="android.intent.category.DEFAULT" />
76-->src\main\AndroidManifest.xml:61:17-75
76-->src\main\AndroidManifest.xml:61:27-73
77                <category android:name="android.intent.category.LAUNCHER" />
77-->src\main\AndroidManifest.xml:62:17-77
77-->src\main\AndroidManifest.xml:62:27-74
78            </intent-filter>
79        </activity>
80        <activity
80-->src\main\AndroidManifest.xml:66:9-70:48
81            android:name="com.carematix.twiliochatapp.MainActivity"
81-->src\main\AndroidManifest.xml:67:13-41
82            android:exported="true"
82-->src\main\AndroidManifest.xml:68:13-36
83            android:label="@string/app_name"
83-->src\main\AndroidManifest.xml:70:13-45
84            android:launchMode="singleInstance" />
84-->src\main\AndroidManifest.xml:69:13-48
85        <activity
85-->src\main\AndroidManifest.xml:72:9-76:51
86            android:name="com.carematix.twiliochatapp.ui.login.LoginActivity"
86-->src\main\AndroidManifest.xml:73:13-51
87            android:exported="true"
87-->src\main\AndroidManifest.xml:74:13-36
88            android:label="@string/app_sign_in"
88-->src\main\AndroidManifest.xml:76:13-48
89            android:launchMode="singleInstance" />
89-->src\main\AndroidManifest.xml:75:13-48
90        <activity
90-->src\main\AndroidManifest.xml:79:9-89:20
91            android:name="com.carematix.twiliochatapp.ChatActivity"
91-->src\main\AndroidManifest.xml:80:13-41
92            android:launchMode="singleInstance"
92-->src\main\AndroidManifest.xml:82:13-48
93            android:noHistory="true"
93-->src\main\AndroidManifest.xml:81:13-37
94            android:parentActivityName="com.carematix.twiliochatapp.MainActivity"
94-->src\main\AndroidManifest.xml:84:13-55
95            android:theme="@style/Theme.TwilioChatApp.NoActionBar"
95-->src\main\AndroidManifest.xml:83:13-67
96            android:windowSoftInputMode="stateHidden" >
96-->src\main\AndroidManifest.xml:85:13-54
97            <meta-data
97-->src\main\AndroidManifest.xml:86:13-88:49
98                android:name="android.support.PARENT_ACTIVITY"
98-->src\main\AndroidManifest.xml:87:17-63
99                android:value=".MainActivity" />
99-->src\main\AndroidManifest.xml:88:17-46
100        </activity>
101
102        <meta-data
102-->src\main\AndroidManifest.xml:92:9-94:57
103            android:name="preloaded_fonts"
103-->src\main\AndroidManifest.xml:93:13-43
104            android:resource="@array/preloaded_fonts" />
104-->src\main\AndroidManifest.xml:94:13-54
105
106        <service
106-->src\main\AndroidManifest.xml:96:9-102:19
107            android:name="com.carematix.twiliochatapp.service.FCMListenerService"
107-->src\main\AndroidManifest.xml:96:18-60
108            android:directBootAware="true"
108-->src\main\AndroidManifest.xml:98:13-43
109            android:exported="false" >
109-->src\main\AndroidManifest.xml:97:13-37
110            <intent-filter>
110-->src\main\AndroidManifest.xml:99:13-101:29
111                <action android:name="com.google.firebase.MESSAGING_EVENT" />
111-->src\main\AndroidManifest.xml:100:17-78
111-->src\main\AndroidManifest.xml:100:25-75
112            </intent-filter>
113        </service>
114
115        <meta-data
115-->src\main\AndroidManifest.xml:104:9-106:67
116            android:name="com.google.firebase.messaging.default_notification_icon"
116-->src\main\AndroidManifest.xml:105:13-83
117            android:resource="@drawable/ic_launcher_background" />
117-->src\main\AndroidManifest.xml:106:13-64
118        <meta-data
118-->src\main\AndroidManifest.xml:107:9-109:53
119            android:name="com.google.firebase.messaging.default_notification_color"
119-->src\main\AndroidManifest.xml:108:13-84
120            android:resource="@color/colorAccent" />
120-->src\main\AndroidManifest.xml:109:13-50
121        <meta-data
121-->src\main\AndroidManifest.xml:111:9-113:71
122            android:name="com.google.firebase.messaging.default_notification_channel_id"
122-->src\main\AndroidManifest.xml:112:13-89
123            android:value="@string/default_notification_channel_id" />
123-->src\main\AndroidManifest.xml:113:13-68
124        <meta-data
124-->src\main\AndroidManifest.xml:114:9-116:69
125            android:name="com.google.android.gms.version"
125-->src\main\AndroidManifest.xml:115:13-58
126            android:value="@integer/google_play_services_version" />
126-->src\main\AndroidManifest.xml:116:13-66
127        <meta-data
127-->src\main\AndroidManifest.xml:119:9-121:37
128            android:name="firebase_messaging_auto_init_enabled"
128-->src\main\AndroidManifest.xml:120:13-64
129            android:value="false" />
129-->src\main\AndroidManifest.xml:121:13-34
130        <meta-data
130-->src\main\AndroidManifest.xml:122:9-124:37
131            android:name="firebase_analytics_collection_enabled"
131-->src\main\AndroidManifest.xml:123:13-65
132            android:value="false" />
132-->src\main\AndroidManifest.xml:124:13-34
133
134        <service
134-->src\main\AndroidManifest.xml:126:9-133:19
135            android:name="com.carematix.twiliochatapp.service.FCMInstanceIDService"
135-->src\main\AndroidManifest.xml:127:13-57
136            android:exported="false" >
136-->src\main\AndroidManifest.xml:128:13-37
137
138            <!-- android:exported="true" -->
139            <intent-filter>
139-->src\main\AndroidManifest.xml:130:13-132:29
140                <action android:name="com.google.firebase.INSTANCE_ID_EVENT" />
140-->src\main\AndroidManifest.xml:131:17-80
140-->src\main\AndroidManifest.xml:131:25-77
141            </intent-filter>
142        </service>
143        <service
143-->src\main\AndroidManifest.xml:135:9-137:48
144            android:name="com.carematix.twiliochatapp.service.RegistrationIntentService"
144-->src\main\AndroidManifest.xml:136:13-62
145            android:exported="false" />
145-->src\main\AndroidManifest.xml:137:13-37
146        <service
146-->[com.google.firebase:firebase-inappmessaging-display:20.0.0] AndroidManifest.xml:23:9-29:19
147            android:name="com.google.firebase.components.ComponentDiscoveryService"
147-->[com.google.firebase:firebase-inappmessaging-display:20.0.0] AndroidManifest.xml:24:13-84
148            android:directBootAware="true"
148-->[com.google.firebase:firebase-common:20.0.0] AndroidManifest.xml:35:13-43
149            android:exported="false" >
149-->[com.google.firebase:firebase-inappmessaging-display:20.0.0] AndroidManifest.xml:25:13-37
150            <meta-data
150-->[com.google.firebase:firebase-inappmessaging-display:20.0.0] AndroidManifest.xml:26:13-28:85
151                android:name="com.google.firebase.components:com.google.firebase.inappmessaging.display.FirebaseInAppMessagingDisplayRegistrar"
151-->[com.google.firebase:firebase-inappmessaging-display:20.0.0] AndroidManifest.xml:27:17-144
152                android:value="com.google.firebase.components.ComponentRegistrar" />
152-->[com.google.firebase:firebase-inappmessaging-display:20.0.0] AndroidManifest.xml:28:17-82
153            <meta-data
153-->[com.google.firebase:firebase-messaging:22.0.0] AndroidManifest.xml:52:13-54:85
154                android:name="com.google.firebase.components:com.google.firebase.messaging.FirebaseMessagingRegistrar"
154-->[com.google.firebase:firebase-messaging:22.0.0] AndroidManifest.xml:53:17-119
155                android:value="com.google.firebase.components.ComponentRegistrar" />
155-->[com.google.firebase:firebase-messaging:22.0.0] AndroidManifest.xml:54:17-82
156            <meta-data
156-->[com.google.firebase:firebase-analytics-ktx:19.0.0] AndroidManifest.xml:11:13-13:85
157                android:name="com.google.firebase.components:com.google.firebase.analytics.ktx.FirebaseAnalyticsKtxRegistrar"
157-->[com.google.firebase:firebase-analytics-ktx:19.0.0] AndroidManifest.xml:12:17-126
158                android:value="com.google.firebase.components.ComponentRegistrar" />
158-->[com.google.firebase:firebase-analytics-ktx:19.0.0] AndroidManifest.xml:13:17-82
159            <meta-data
159-->[com.google.firebase:firebase-crashlytics:18.2.1] AndroidManifest.xml:18:13-20:85
160                android:name="com.google.firebase.components:com.google.firebase.crashlytics.CrashlyticsRegistrar"
160-->[com.google.firebase:firebase-crashlytics:18.2.1] AndroidManifest.xml:19:17-115
161                android:value="com.google.firebase.components.ComponentRegistrar" />
161-->[com.google.firebase:firebase-crashlytics:18.2.1] AndroidManifest.xml:20:17-82
162            <meta-data
162-->[com.google.android.gms:play-services-measurement-api:19.0.0] AndroidManifest.xml:30:13-32:85
163                android:name="com.google.firebase.components:com.google.firebase.analytics.connector.internal.AnalyticsConnectorRegistrar"
163-->[com.google.android.gms:play-services-measurement-api:19.0.0] AndroidManifest.xml:31:17-139
164                android:value="com.google.firebase.components.ComponentRegistrar" />
164-->[com.google.android.gms:play-services-measurement-api:19.0.0] AndroidManifest.xml:32:17-82
165            <meta-data
165-->[com.google.firebase:firebase-inappmessaging:20.0.0] AndroidManifest.xml:17:13-19:85
166                android:name="com.google.firebase.components:com.google.firebase.inappmessaging.FirebaseInAppMessagingRegistrar"
166-->[com.google.firebase:firebase-inappmessaging:20.0.0] AndroidManifest.xml:18:17-129
167                android:value="com.google.firebase.components.ComponentRegistrar" />
167-->[com.google.firebase:firebase-inappmessaging:20.0.0] AndroidManifest.xml:19:17-82
168            <meta-data
168-->[com.google.firebase:firebase-abt:21.0.0] AndroidManifest.xml:13:13-15:85
169                android:name="com.google.firebase.components:com.google.firebase.abt.component.AbtRegistrar"
169-->[com.google.firebase:firebase-abt:21.0.0] AndroidManifest.xml:14:17-109
170                android:value="com.google.firebase.components.ComponentRegistrar" />
170-->[com.google.firebase:firebase-abt:21.0.0] AndroidManifest.xml:15:17-82
171            <meta-data
171-->[com.google.firebase:firebase-datatransport:18.0.0] AndroidManifest.xml:28:13-30:85
172                android:name="com.google.firebase.components:com.google.firebase.datatransport.TransportRegistrar"
172-->[com.google.firebase:firebase-datatransport:18.0.0] AndroidManifest.xml:29:17-115
173                android:value="com.google.firebase.components.ComponentRegistrar" />
173-->[com.google.firebase:firebase-datatransport:18.0.0] AndroidManifest.xml:30:17-82
174            <meta-data
174-->[com.google.firebase:firebase-installations:17.0.0] AndroidManifest.xml:18:13-20:85
175                android:name="com.google.firebase.components:com.google.firebase.installations.FirebaseInstallationsRegistrar"
175-->[com.google.firebase:firebase-installations:17.0.0] AndroidManifest.xml:19:17-127
176                android:value="com.google.firebase.components.ComponentRegistrar" />
176-->[com.google.firebase:firebase-installations:17.0.0] AndroidManifest.xml:20:17-82
177            <meta-data
177-->[com.google.firebase:firebase-common-ktx:20.0.0] AndroidManifest.xml:15:13-17:85
178                android:name="com.google.firebase.components:com.google.firebase.ktx.FirebaseCommonKtxRegistrar"
178-->[com.google.firebase:firebase-common-ktx:20.0.0] AndroidManifest.xml:16:17-113
179                android:value="com.google.firebase.components.ComponentRegistrar" />
179-->[com.google.firebase:firebase-common-ktx:20.0.0] AndroidManifest.xml:17:17-82
180        </service>
181
182        <receiver
182-->[com.google.firebase:firebase-messaging-directboot:22.0.0] AndroidManifest.xml:27:9-35:20
183            android:name="com.google.firebase.messaging.directboot.FirebaseMessagingDirectBootReceiver"
183-->[com.google.firebase:firebase-messaging-directboot:22.0.0] AndroidManifest.xml:28:13-104
184            android:directBootAware="true"
184-->[com.google.firebase:firebase-messaging-directboot:22.0.0] AndroidManifest.xml:29:13-43
185            android:exported="true"
185-->[com.google.firebase:firebase-messaging-directboot:22.0.0] AndroidManifest.xml:30:13-36
186            android:permission="com.google.android.c2dm.permission.SEND" >
186-->[com.google.firebase:firebase-messaging-directboot:22.0.0] AndroidManifest.xml:31:13-73
187            <intent-filter>
187-->[com.google.firebase:firebase-messaging-directboot:22.0.0] AndroidManifest.xml:32:13-34:29
188                <action android:name="com.google.firebase.messaging.RECEIVE_DIRECT_BOOT" />
188-->[com.google.firebase:firebase-messaging-directboot:22.0.0] AndroidManifest.xml:33:17-92
188-->[com.google.firebase:firebase-messaging-directboot:22.0.0] AndroidManifest.xml:33:25-89
189            </intent-filter>
190        </receiver>
191        <receiver
191-->[com.google.firebase:firebase-messaging:22.0.0] AndroidManifest.xml:28:9-35:20
192            android:name="com.google.firebase.iid.FirebaseInstanceIdReceiver"
192-->[com.google.firebase:firebase-messaging:22.0.0] AndroidManifest.xml:29:13-78
193            android:exported="true"
193-->[com.google.firebase:firebase-messaging:22.0.0] AndroidManifest.xml:30:13-36
194            android:permission="com.google.android.c2dm.permission.SEND" >
194-->[com.google.firebase:firebase-messaging:22.0.0] AndroidManifest.xml:31:13-73
195            <intent-filter>
195-->[com.google.firebase:firebase-messaging:22.0.0] AndroidManifest.xml:32:13-34:29
196                <action android:name="com.google.android.c2dm.intent.RECEIVE" />
196-->[com.google.firebase:firebase-messaging:22.0.0] AndroidManifest.xml:33:17-81
196-->[com.google.firebase:firebase-messaging:22.0.0] AndroidManifest.xml:33:25-78
197            </intent-filter>
198        </receiver>
199        <!--
200             FirebaseMessagingService performs security checks at runtime,
201             but set to not exported to explicitly avoid allowing another app to call it.
202        -->
203        <service
203-->[com.google.firebase:firebase-messaging:22.0.0] AndroidManifest.xml:41:9-48:19
204            android:name="com.google.firebase.messaging.FirebaseMessagingService"
204-->[com.google.firebase:firebase-messaging:22.0.0] AndroidManifest.xml:42:13-82
205            android:directBootAware="true"
205-->[com.google.firebase:firebase-messaging:22.0.0] AndroidManifest.xml:43:13-43
206            android:exported="false" >
206-->[com.google.firebase:firebase-messaging:22.0.0] AndroidManifest.xml:44:13-37
207            <intent-filter android:priority="-500" >
207-->src\main\AndroidManifest.xml:99:13-101:29
208                <action android:name="com.google.firebase.MESSAGING_EVENT" />
208-->src\main\AndroidManifest.xml:100:17-78
208-->src\main\AndroidManifest.xml:100:25-75
209            </intent-filter>
210        </service>
211
212        <activity
212-->[com.google.android.gms:play-services-auth:19.0.0] AndroidManifest.xml:23:9-27:75
213            android:name="com.google.android.gms.auth.api.signin.internal.SignInHubActivity"
213-->[com.google.android.gms:play-services-auth:19.0.0] AndroidManifest.xml:24:13-93
214            android:excludeFromRecents="true"
214-->[com.google.android.gms:play-services-auth:19.0.0] AndroidManifest.xml:25:13-46
215            android:exported="false"
215-->[com.google.android.gms:play-services-auth:19.0.0] AndroidManifest.xml:26:13-37
216            android:theme="@android:style/Theme.Translucent.NoTitleBar" />
216-->[com.google.android.gms:play-services-auth:19.0.0] AndroidManifest.xml:27:13-72
217        <!--
218            Service handling Google Sign-In user revocation. For apps that do not integrate with
219            Google Sign-In, this service will never be started.
220        -->
221        <service
221-->[com.google.android.gms:play-services-auth:19.0.0] AndroidManifest.xml:33:9-37:51
222            android:name="com.google.android.gms.auth.api.signin.RevocationBoundService"
222-->[com.google.android.gms:play-services-auth:19.0.0] AndroidManifest.xml:34:13-89
223            android:exported="true"
223-->[com.google.android.gms:play-services-auth:19.0.0] AndroidManifest.xml:35:13-36
224            android:permission="com.google.android.gms.auth.api.signin.permission.REVOCATION_NOTIFICATION"
224-->[com.google.android.gms:play-services-auth:19.0.0] AndroidManifest.xml:36:13-107
225            android:visibleToInstantApps="true" />
225-->[com.google.android.gms:play-services-auth:19.0.0] AndroidManifest.xml:37:13-48
226
227        <receiver
227-->[com.google.android.gms:play-services-measurement:19.0.0] AndroidManifest.xml:29:9-33:20
228            android:name="com.google.android.gms.measurement.AppMeasurementReceiver"
228-->[com.google.android.gms:play-services-measurement:19.0.0] AndroidManifest.xml:30:13-85
229            android:enabled="true"
229-->[com.google.android.gms:play-services-measurement:19.0.0] AndroidManifest.xml:31:13-35
230            android:exported="false" >
230-->[com.google.android.gms:play-services-measurement:19.0.0] AndroidManifest.xml:32:13-37
231        </receiver>
232
233        <service
233-->[com.google.android.gms:play-services-measurement:19.0.0] AndroidManifest.xml:35:9-38:40
234            android:name="com.google.android.gms.measurement.AppMeasurementService"
234-->[com.google.android.gms:play-services-measurement:19.0.0] AndroidManifest.xml:36:13-84
235            android:enabled="true"
235-->[com.google.android.gms:play-services-measurement:19.0.0] AndroidManifest.xml:37:13-35
236            android:exported="false" />
236-->[com.google.android.gms:play-services-measurement:19.0.0] AndroidManifest.xml:38:13-37
237        <service
237-->[com.google.android.gms:play-services-measurement:19.0.0] AndroidManifest.xml:39:9-43:72
238            android:name="com.google.android.gms.measurement.AppMeasurementJobService"
238-->[com.google.android.gms:play-services-measurement:19.0.0] AndroidManifest.xml:40:13-87
239            android:enabled="true"
239-->[com.google.android.gms:play-services-measurement:19.0.0] AndroidManifest.xml:41:13-35
240            android:exported="false"
240-->[com.google.android.gms:play-services-measurement:19.0.0] AndroidManifest.xml:42:13-37
241            android:permission="android.permission.BIND_JOB_SERVICE" />
241-->[com.google.android.gms:play-services-measurement:19.0.0] AndroidManifest.xml:43:13-69
242
243        <provider
243-->[com.google.firebase:firebase-common:20.0.0] AndroidManifest.xml:26:9-31:39
244            android:name="com.google.firebase.provider.FirebaseInitProvider"
244-->[com.google.firebase:firebase-common:20.0.0] AndroidManifest.xml:27:13-77
245            android:authorities="com.carematix.twiliochatapp.firebaseinitprovider"
245-->[com.google.firebase:firebase-common:20.0.0] AndroidManifest.xml:28:13-72
246            android:directBootAware="true"
246-->[com.google.firebase:firebase-common:20.0.0] AndroidManifest.xml:29:13-43
247            android:exported="false"
247-->[com.google.firebase:firebase-common:20.0.0] AndroidManifest.xml:30:13-37
248            android:initOrder="100" />
248-->[com.google.firebase:firebase-common:20.0.0] AndroidManifest.xml:31:13-36
249
250        <activity
250-->[com.google.android.gms:play-services-base:17.1.0] AndroidManifest.xml:23:9-26:75
251            android:name="com.google.android.gms.common.api.GoogleApiActivity"
251-->[com.google.android.gms:play-services-base:17.1.0] AndroidManifest.xml:24:13-79
252            android:exported="false"
252-->[com.google.android.gms:play-services-base:17.1.0] AndroidManifest.xml:25:13-37
253            android:theme="@android:style/Theme.Translucent.NoTitleBar" />
253-->[com.google.android.gms:play-services-base:17.1.0] AndroidManifest.xml:26:13-72
254
255        <provider
255-->[androidx.lifecycle:lifecycle-process:2.1.0] AndroidManifest.xml:23:9-27:43
256            android:name="androidx.lifecycle.ProcessLifecycleOwnerInitializer"
256-->[androidx.lifecycle:lifecycle-process:2.1.0] AndroidManifest.xml:24:13-79
257            android:authorities="com.carematix.twiliochatapp.lifecycle-process"
257-->[androidx.lifecycle:lifecycle-process:2.1.0] AndroidManifest.xml:25:13-69
258            android:exported="false"
258-->[androidx.lifecycle:lifecycle-process:2.1.0] AndroidManifest.xml:26:13-37
259            android:multiprocess="true" />
259-->[androidx.lifecycle:lifecycle-process:2.1.0] AndroidManifest.xml:27:13-40
260
261        <service
261-->[androidx.room:room-runtime:2.2.6] AndroidManifest.xml:25:9-28:40
262            android:name="androidx.room.MultiInstanceInvalidationService"
262-->[androidx.room:room-runtime:2.2.6] AndroidManifest.xml:26:13-74
263            android:directBootAware="true"
263-->[androidx.room:room-runtime:2.2.6] AndroidManifest.xml:27:13-43
264            android:exported="false" />
264-->[androidx.room:room-runtime:2.2.6] AndroidManifest.xml:28:13-37
265        <service
265-->[com.google.android.datatransport:transport-backend-cct:3.0.0] AndroidManifest.xml:29:9-35:19
266            android:name="com.google.android.datatransport.runtime.backends.TransportBackendDiscovery"
266-->[com.google.android.datatransport:transport-backend-cct:3.0.0] AndroidManifest.xml:30:13-103
267            android:exported="false" >
267-->[com.google.android.datatransport:transport-backend-cct:3.0.0] AndroidManifest.xml:31:13-37
268            <meta-data
268-->[com.google.android.datatransport:transport-backend-cct:3.0.0] AndroidManifest.xml:32:13-34:39
269                android:name="backend:com.google.android.datatransport.cct.CctBackendFactory"
269-->[com.google.android.datatransport:transport-backend-cct:3.0.0] AndroidManifest.xml:33:17-94
270                android:value="cct" />
270-->[com.google.android.datatransport:transport-backend-cct:3.0.0] AndroidManifest.xml:34:17-36
271        </service>
272        <service
272-->[com.google.android.datatransport:transport-runtime:3.0.0] AndroidManifest.xml:26:9-30:19
273            android:name="com.google.android.datatransport.runtime.scheduling.jobscheduling.JobInfoSchedulerService"
273-->[com.google.android.datatransport:transport-runtime:3.0.0] AndroidManifest.xml:27:13-117
274            android:exported="false"
274-->[com.google.android.datatransport:transport-runtime:3.0.0] AndroidManifest.xml:28:13-37
275            android:permission="android.permission.BIND_JOB_SERVICE" >
275-->[com.google.android.datatransport:transport-runtime:3.0.0] AndroidManifest.xml:29:13-69
276        </service>
277
278        <receiver
278-->[com.google.android.datatransport:transport-runtime:3.0.0] AndroidManifest.xml:32:9-34:40
279            android:name="com.google.android.datatransport.runtime.scheduling.jobscheduling.AlarmManagerSchedulerBroadcastReceiver"
279-->[com.google.android.datatransport:transport-runtime:3.0.0] AndroidManifest.xml:33:13-132
280            android:exported="false" />
280-->[com.google.android.datatransport:transport-runtime:3.0.0] AndroidManifest.xml:34:13-37
281
282        <provider
282-->[com.squareup.picasso:picasso:2.71828] AndroidManifest.xml:8:9-11:40
283            android:name="com.squareup.picasso.PicassoProvider"
283-->[com.squareup.picasso:picasso:2.71828] AndroidManifest.xml:9:13-64
284            android:authorities="com.carematix.twiliochatapp.com.squareup.picasso"
284-->[com.squareup.picasso:picasso:2.71828] AndroidManifest.xml:10:13-72
285            android:exported="false" />
285-->[com.squareup.picasso:picasso:2.71828] AndroidManifest.xml:11:13-37
286    </application>
287
288</manifest>